2020-07-03 14:20:10 INFO:log:Config leido.
2020-07-03 14:20:13 INFO:log:Empezamos la app...
2020-07-03 14:20:13 INFO:log:Leyendo el config...
2020-07-03 14:20:16 INFO:log:Config leido.
2020-07-03 14:20:17 INFO:log:Leyendo los datos...
2020-07-03 14:20:18 ERROR:log:La aplicacion ha petado...
2020-07-03 14:21:33 INFO:log:Empezamos la app...
2020-07-03 14:21:34 INFO:log:Leyendo el config...
2020-07-03 14:21:35 INFO:log:Config leido.
2020-07-03 14:21:36 INFO:log:Leyendo los datos...
2020-07-03 14:21:37 ERROR:log:La aplicacion ha petado...
2020-07-03 14:23:00 INFO:log:Config leido.
2020-07-03 14:23:06 INFO:log:Empezamos la app...
2020-07-03 14:23:06 INFO:log:Leyendo el config...
2020-07-03 14:23:08 INFO:log:Config leido.
2020-07-03 14:23:08 INFO:log:Leyendo los datos...
2020-07-03 14:23:22 INFO:log:Config leido.
2020-07-03 14:23:32 INFO:log:Empezamos la app...
2020-07-03 14:23:33 INFO:log:Leyendo el config...
2020-07-03 14:23:36 INFO:log:Config leido.
2020-07-03 14:23:36 INFO:log:Leyendo los datos...
2020-07-03 14:27:20 INFO:log:Config leido.
2020-07-03 14:27:27 INFO:log:Empezamos la app...
2020-07-03 14:27:28 INFO:log:Leyendo el config...
2020-07-03 14:27:29 INFO:log:Config leido.
2020-07-03 14:27:30 INFO:log:Leyendo los datos...
2020-07-03 14:28:01 ERROR:log:Datos no encontrado en su ruta. Verifica el directorio de data y el config
2020-07-03 14:28:23 ERROR:log:Datos no encontrado en su ruta. Verifica el directorio de data y el config
2020-07-03 14:28:23 ERROR:log:La aplicacion ha petado...
2020-07-03 14:29:15 INFO:log:Config leido.
2020-07-03 14:29:22 INFO:log:Empezamos la app...
2020-07-03 14:29:22 INFO:log:Leyendo el config...
2020-07-03 14:29:22 INFO:log:Config leido.
2020-07-03 14:29:22 INFO:log:Leyendo los datos...
2020-07-03 14:41:54 INFO:log:Config leido.
2020-07-03 14:42:00 ERROR:log:Datos no encontrado en su ruta. Verifica el directorio de data y el config
2020-07-03 14:42:15 INFO:log:Config leido.
2020-07-03 14:42:25 INFO:log:Empezamos la app...
2020-07-03 14:42:27 INFO:log:Leyendo el config...
2020-07-03 14:42:30 INFO:log:Config leido.
2020-07-03 14:42:31 INFO:log:Leyendo los datos...
2020-07-03 14:42:39 ERROR:log:Datos no encontrado en su ruta. Verifica el directorio de data y el config
2020-07-03 14:42:39 ERROR:log:La aplicacion ha petado...
2020-07-03 15:42:24 INFO:log:Config leido.
2020-07-03 15:42:46 INFO:log:Config leido.
2020-07-03 15:43:04 INFO:log:Fin de la ejecucion.
2020-07-03 15:44:17 INFO:log:Empezamos la app...
2020-07-03 15:44:18 INFO:log:Leyendo el config...
2020-07-03 15:44:20 INFO:log:Config leido.
2020-07-03 15:44:21 INFO:log:Leyendo los datos...
2020-07-03 15:44:29 ERROR:log:Datos no encontrado en su ruta. Verifica el directorio de data y el config
2020-07-03 15:44:29 ERROR:log:La aplicacion ha petado...
2020-07-03 15:45:37 INFO:log:Config leido.
2020-07-03 15:45:57 INFO:log:Empezamos la app...
2020-07-03 15:45:58 INFO:log:Leyendo el config...
2020-07-03 15:46:00 INFO:log:Config leido.
2020-07-03 15:46:01 INFO:log:Leyendo los datos...
2020-07-03 15:46:09 ERROR:log:Datos no encontrado en su ruta. Verifica el directorio de data y el config
2020-07-03 15:46:09 ERROR:log:La aplicacion ha petado...
2020-07-03 16:00:09 INFO:log:Config leido.
2020-07-03 16:00:23 INFO:log:Empezamos la app...
2020-07-03 16:00:24 INFO:log:Leyendo el config...
2020-07-03 16:00:26 INFO:log:Config leido.
2020-07-03 16:00:27 INFO:log:Leyendo los datos...
2020-07-03 16:00:30 ERROR:log:Datos no encontrado en su ruta. Verifica el directorio de data y el config
2020-07-03 16:00:30 ERROR:log:La aplicacion ha petado...
